#
# There is insufficient memory for the Java Runtime Environment to continue.
# Native memory allocation (malloc) failed to allocate 1825952 bytes for Chunk::new
# Possible reasons:
#   The system is out of physical RAM or swap space
#   In 32 bit mode, the process size limit was hit
# Possible solutions:
#   Reduce memory load on the system
#   Increase physical memory or swap space
#   Check if swap backing store is full
#   Use 64 bit Java on a 64 bit OS
#   Decrease Java heap size (-Xmx/-Xms)
#   Decrease number of Java threads
#   Decrease Java thread stack sizes (-Xss)
#   Set larger code cache with -XX:ReservedCodeCacheSize=
# This output file may be truncated or incomplete.
#
#  Out of Memory Error (allocation.cpp:390), pid=2164, tid=0x0000000000000e38
#
# JRE version: OpenJDK Runtime Environment (8.0_152-b01) (build 1.8.0_152-release-1248-b01)
# Java VM: OpenJDK 64-Bit Server VM (25.152-b01 mixed mode windows-amd64 compressed oops)
# Failed to write core dump. Minidumps are not enabled by default on client versions of Windows
#

---------------  T H R E A D  ---------------

Current thread (0x0000000015f8e000):  JavaThread "C2 CompilerThread1" daemon [_thread_in_native, id=3640, stack(0x0000000017700000,0x0000000017800000)]

Stack: [0x0000000017700000,0x0000000017800000]
[error occurred during error reporting (printing stack bounds), id 0xc0000005]

Native frames: (J=compiled Java code, j=interpreted, Vv=VM code, C=native code)


Current CompileTask:
C2: 837387 14489       4       org.gradle.api.internal.changedetection.state.mirror.MirrorUpdatingDirectoryWalker$1::visitFile (10 bytes)


---------------  P R O C E S S  ---------------

Java Threads: ( => current thread )
  0x0000000022658800 JavaThread "stdout" [_thread_in_native, id=1248, stack(0x00000000293b0000,0x00000000294b0000)]
  0x0000000022657000 JavaThread "stderr" [_thread_in_native, id=8420, stack(0x00000000292b0000,0x00000000293b0000)]
  0x0000000019af5800 JavaThread "pool-8-thread-1" [_thread_blocked, id=9936, stack(0x00000000281e0000,0x00000000282e0000)]
  0x0000000019af4000 JavaThread "Cache worker for Build Output Cleanup Cache (C:\Users\Aluno.DESKTOP-3ASBCDM\AndroidStudioProjects\Gerenciador\.gradle\buildOutputCleanup)" [_thread_blocked, id=9904, stack(0x00000000280e0000,0x00000000281e0000)]
  0x0000000019af3800 JavaThread "Cache worker for task history cache (C:\Users\Aluno.DESKTOP-3ASBCDM\AndroidStudioProjects\Gerenciador\.gradle\4.10.1\taskHistory)" [_thread_blocked, id=7724, stack(0x0000000027fe0000,0x00000000280e0000)]
  0x0000000019af1000 JavaThread "Task worker for ':' Thread 3" [_thread_blocked, id=8624, stack(0x0000000027ee0000,0x0000000027fe0000)]
  0x000000001c41f800 JavaThread "Task worker for ':' Thread 2" [_thread_blocked, id=8320, stack(0x0000000027de0000,0x0000000027ee0000)]
  0x000000001c41e800 JavaThread "Task worker for ':'" [_thread_blocked, id=8900, stack(0x0000000027ce0000,0x0000000027de0000)]
  0x000000001c41d000 JavaThread "Cache worker for file content cache (C:\Users\Aluno.DESKTOP-3ASBCDM\AndroidStudioProjects\Gerenciador\.gradle\4.10.1\fileContent)" [_thread_blocked, id=4328, stack(0x0000000027be0000,0x0000000027ce0000)]
  0x000000001c421000 JavaThread "Build operations Thread 4" [_thread_blocked, id=6048, stack(0x0000000027ae0000,0x0000000027be0000)]
  0x000000001c415800 JavaThread "Build operations Thread 3" [_thread_blocked, id=740, stack(0x00000000279e0000,0x0000000027ae0000)]
  0x000000001c41b800 JavaThread "Build operations Thread 2" [_thread_blocked, id=4884, stack(0x00000000278e0000,0x00000000279e0000)]
  0x000000001c41c800 JavaThread "Build operations" [_thread_blocked, id=4472, stack(0x00000000277e0000,0x00000000278e0000)]
  0x000000001c41b000 JavaThread "Cache worker for cache directory md-rule (C:\Users\Aluno.DESKTOP-3ASBCDM\.gradle\caches\4.10.1\md-rule)" [_thread_blocked, id=4844, stack(0x00000000276e0000,0x00000000277e0000)]
  0x000000001c413800 JavaThread "Cache worker for cache directory md-supplier (C:\Users\Aluno.DESKTOP-3ASBCDM\.gradle\caches\4.10.1\md-supplier)" [_thread_blocked, id=7652, stack(0x00000000275e0000,0x00000000276e0000)]
  0x000000001c414000 JavaThread "Cache worker for file hash cache (C:\Users\Aluno.DESKTOP-3ASBCDM\AndroidStudioProjects\Gerenciador\.gradle\4.10.1\fileHashes)" [_thread_blocked, id=4964, stack(0x00000000274e0000,0x00000000275e0000)]
  0x000000001c41a000 JavaThread "Stdin handler" [_thread_blocked, id=4892, stack(0x00000000273e0000,0x00000000274e0000)]
  0x000000001c412800 JavaThread "Asynchronous log dispatcher for DefaultDaemonConnection: socket connection from /127.0.0.1:51458 to /127.0.0.1:51683" [_thread_blocked, id=3000, stack(0x00000000272e0000,0x00000000273e0000)]
  0x000000001c417000 JavaThread "Cancel handler" [_thread_blocked, id=7228, stack(0x00000000271e0000,0x00000000272e0000)]
  0x000000001c418800 JavaThread "Handler for socket connection from /127.0.0.1:51458 to /127.0.0.1:51683" [_thread_in_native, id=224, stack(0x00000000270e0000,0x00000000271e0000)]
  0x000000001c41e000 JavaThread "Cache worker for file content cache (C:\Users\Aluno.DESKTOP-3ASBCDM\.gradle\caches\4.10.1\fileContent)" [_thread_blocked, id=4644, stack(0x0000000025ce0000,0x0000000025de0000)]
  0x000000001c418000 JavaThread "Daemon worker Thread 2" [_thread_blocked, id=9784, stack(0x00000000252e0000,0x00000000253e0000)]
  0x000000001c419800 JavaThread "Daemon Thread 2" [_thread_blocked, id=7636, stack(0x0000000024fe0000,0x00000000250e0000)]
  0x000000001c416800 JavaThread "Memory manager" [_thread_blocked, id=1004, stack(0x0000000022d10000,0x0000000022e10000)]
  0x0000000019aef000 JavaThread "Cache worker for Artifact transforms cache (C:\Users\Aluno.DESKTOP-3ASBCDM\.gradle\caches\transforms-1)" [_thread_blocked, id=6100, stack(0x000000001ec20000,0x000000001ed20000)]
  0x0000000019af2000 JavaThread "Cache worker for journal cache (C:\Users\Aluno.DESKTOP-3ASBCDM\.gradle\caches\journal-1)" [_thread_blocked, id=2732, stack(0x000000001ceb0000,0x000000001cfb0000)]
  0x0000000019c57000 JavaThread "File lock request listener" [_thread_in_native, id=4852, stack(0x000000001ba40000,0x000000001bb40000)]
  0x000000001a045800 JavaThread "Cache worker for file hash cache (C:\Users\Aluno.DESKTOP-3ASBCDM\.gradle\caches\4.10.1\fileHashes)" [_thread_blocked, id=3252, stack(0x000000001b940000,0x000000001ba40000)]
  0x0000000018841800 JavaThread "Daemon periodic checks" [_thread_blocked, id=828, stack(0x000000001ae40000,0x000000001af40000)]
  0x0000000018b2b800 JavaThread "Incoming local TCP Connector on port 51458" [_thread_in_native, id=7536, stack(0x000000001abe0000,0x000000001ace0000)]
  0x0000000017928800 JavaThread "Service Thread" daemon [_thread_blocked, id=6068, stack(0x0000000017d00000,0x0000000017e00000)]
  0x0000000015f99000 JavaThread "C1 CompilerThread2" daemon [_thread_blocked, id=8892, stack(0x0000000017800000,0x0000000017900000)]
=>0x0000000015f8e000 JavaThread "C2 CompilerThread1" daemon [_thread_in_native, id=3640, stack(0x0000000017700000,0x0000000017800000)]
  0x0000000015f98000 JavaThread "C2 CompilerThread0" daemon [_thread_in_native, id=7524, stack(0x0000000017600000,0x0000000017700000)]
  0x0000000015f96800 JavaThread "Attach Listener" daemon [_thread_blocked, id=6772, stack(0x0000000017500000,0x0000000017600000)]
  0x0000000015f95800 JavaThread "Signal Dispatcher" daemon [_thread_blocked, id=7976, stack(0x0000000017400000,0x0000000017500000)]
  0x000000000261c000 JavaThread "Finalizer" daemon [_thread_blocked, id=5696, stack(0x00000000171f0000,0x00000000172f0000)]
  0x0000000002610800 JavaThread "Reference Handler" daemon [_thread_blocked, id=7508, stack(0x00000000170f0000,0x00000000171f0000)]
  0x000000000251e000 JavaThread "main" [_thread_blocked, id=7948, stack(0x0000000002330000,0x0000000002430000)]

Other Threads:
  0x0000000015f57000 VMThread [stack: 0x0000000016ff0000,0x00000000170f0000] [id=6404]
  0x0000000015fee800 WatcherThread [stack: 0x0000000017e00000,0x0000000017f00000] [id=3428]

VM state:not at safepoint (normal execution)

VM Mutex/Monitor currently owned by a thread: None

Heap:
 PSYoungGen      total 312832K, used 242908K [0x00000000e0000000, 0x00000000f6200000, 0x0000000100000000)
  eden space 288768K, 75% used [0x00000000e0000000,0x00000000ed5bfd80,0x00000000f1a00000)
  from space 24064K, 99% used [0x00000000f2480000,0x00000000f3bf7280,0x00000000f3c00000)
  to   space 36864K, 0% used [0x00000000f3e00000,0x00000000f3e00000,0x00000000f6200000)
 ParOldGen       total 148480K, used 51319K [0x00000000a0000000, 0x00000000a9100000, 0x00000000e0000000)
  object space 148480K, 34% used [0x00000000a0000000,0x00000000a321def0,0x00000000a9100000)
 Metaspace       used 78571K, capacity 81198K, committed 81280K, reserved 1120256K
  class space    used 9927K, capacity 10570K, committed 10624K, reserved 1048576K

Card table byte_map: [0x00000000119e0000,0x0000000011cf0000] byte_map_base: 0x00000000114e0000

Marking Bits: (ParMarkBitMap*) 0x00000000531c5aa0
 Begin Bits: [0x00000000122f0000, 0x0000000013af0000)
 End Bits:   [0x0000000013af0000, 0x00000000152f0000)

Polling page: 0x00000000006c0000

CodeCache: size=245760Kb used=39293Kb max_used=39995Kb free=206466Kb
 bounds [0x0000000002620000, 0x0000000004d70000, 0x0000000011620000]
 total_blobs=12661 nmethods=11798 adapters=775
 compilation: enabled

Compilation events (10 events):
Event: 837.060 Thread 0x0000000015f99000 nmethod 14569 0x00000000049de190 code [0x00000000049de340, 0x00000000049de8a8]
Event: 837.060 Thread 0x0000000015f99000 14570       3       com.google.common.collect.RegularImmutableAsList::<init> (10 bytes)
Event: 837.060 Thread 0x0000000015f99000 nmethod 14570 0x00000000049f82d0 code [0x00000000049f8460, 0x00000000049f8908]
Event: 837.064 Thread 0x0000000015f99000 14571       3       org.gradle.api.internal.changedetection.state.CachingFileHasher::snapshot (114 bytes)
Event: 837.065 Thread 0x0000000015f99000 nmethod 14571 0x0000000004749a90 code [0x0000000004749ca0, 0x000000000474a898]
Event: 837.067 Thread 0x0000000015f98000 14572       4       org.gradle.api.internal.changedetection.state.mirror.MirrorUpdatingDirectoryWalker$1::visitFile (106 bytes)
Event: 837.072 Thread 0x0000000015f99000 14575       1       org.gradle.api.internal.changedetection.rules.SummaryTaskStateChanges$ChangeDetectingVisitor::isChangesDetected (5 bytes)
Event: 837.072 Thread 0x0000000015f99000 nmethod 14575 0x0000000003d73950 code [0x0000000003d73aa0, 0x0000000003d73bb0]
Event: 837.074 Thread 0x0000000015f99000 14576       3       java.util.concurrent.ConcurrentHashMap::sumCount (48 bytes)
Event: 837.074 Thread 0x0000000015f99000 nmethod 14576 0x00000000046c2010 code [0x00000000046c2180, 0x00000000046c2430]

GC Heap History (10 events):
Event: 91.903 GC heap before
{Heap before GC invocations=20 (full 3):
 PSYoungGen      total 266240K, used 255290K [0x00000000e0000000, 0x00000000f1880000, 0x0000000100000000)
  eden space 248320K, 100% used [0x00000000e0000000,0x00000000ef280000,0x00000000ef280000)
  from space 17920K, 38% used [0x00000000f0700000,0x00000000f0dcebd8,0x00000000f1880000)
  to   space 19456K, 0% used [0x00000000ef280000,0x00000000ef280000,0x00000000f0580000)
 ParOldGen       total 148480K, used 31987K [0x00000000a0000000, 0x00000000a9100000, 0x00000000e0000000)
  object space 148480K, 21% used [0x00000000a0000000,0x00000000a1f3cfb0,0x00000000a9100000)
 Metaspace       used 58897K, capacity 60180K, committed 60248K, reserved 1101824K
  class space    used 7535K, capacity 7905K, committed 7936K, reserved 1048576K
Event: 91.916 GC heap after
Heap after GC invocations=20 (full 3):
 PSYoungGen      total 267776K, used 14070K [0x00000000e0000000, 0x00000000f3c80000, 0x0000000100000000)
  eden space 248320K, 0% used [0x00000000e0000000,0x00000000e0000000,0x00000000ef280000)
  from space 19456K, 72% used [0x00000000ef280000,0x00000000f003da88,0x00000000f0580000)
  to   space 20480K, 0% used [0x00000000f2880000,0x00000000f2880000,0x00000000f3c80000)
 ParOldGen       total 148480K, used 31995K [0x00000000a0000000, 0x00000000a9100000, 0x00000000e0000000)
  object space 148480K, 21% used [0x00000000a0000000,0x00000000a1f3efb0,0x00000000a9100000)
 Metaspace       used 58897K, capacity 60180K, committed 60248K, reserved 1101824K
  class space    used 7535K, capacity 7905K, committed 7936K, reserved 1048576K
}
Event: 108.209 GC heap before
{Heap before GC invocations=21 (full 3):
 PSYoungGen      total 267776K, used 262390K [0x00000000e0000000, 0x00000000f3c80000, 0x0000000100000000)
  eden space 248320K, 100% used [0x00000000e0000000,0x00000000ef280000,0x00000000ef280000)
  from space 19456K, 72% used [0x00000000ef280000,0x00000000f003da88,0x00000000f0580000)
  to   space 20480K, 0% used [0x00000000f2880000,0x00000000f2880000,0x00000000f3c80000)
 ParOldGen       total 148480K, used 31995K [0x00000000a0000000, 0x00000000a9100000, 0x00000000e0000000)
  object space 148480K, 21% used [0x00000000a0000000,0x00000000a1f3efb0,0x00000000a9100000)
 Metaspace       used 58897K, capacity 60180K, committed 60248K, reserved 1101824K
  class space    used 7535K, capacity 7905K, committed 7936K, reserved 1048576K
Event: 108.220 GC heap after
Heap after GC invocations=21 (full 3):
 PSYoungGen      total 294400K, used 13899K [0x00000000e0000000, 0x00000000f3880000, 0x0000000100000000)
  eden space 278016K, 0% used [0x00000000e0000000,0x00000000e0000000,0x00000000f0f80000)
  from space 16384K, 84% used [0x00000000f2880000,0x00000000f3612e78,0x00000000f3880000)
  to   space 20992K, 0% used [0x00000000f0f80000,0x00000000f0f80000,0x00000000f2400000)
 ParOldGen       total 148480K, used 31995K [0x00000000a0000000, 0x00000000a9100000, 0x00000000e0000000)
  object space 148480K, 21% used [0x00000000a0000000,0x00000000a1f3efb0,0x00000000a9100000)
 Metaspace       used 58897K, capacity 60180K, committed 60248K, reserved 1101824K
  class space    used 7535K, capacity 7905K, committed 7936K, reserved 1048576K
}
Event: 128.443 GC heap before
{Heap before GC invocations=22 (full 3):
 PSYoungGen      total 294400K, used 291915K [0x00000000e0000000, 0x00000000f3880000, 0x0000000100000000)
  eden space 278016K, 100% used [0x00000000e0000000,0x00000000f0f80000,0x00000000f0f80000)
  from space 16384K, 84% used [0x00000000f2880000,0x00000000f3612e78,0x00000000f3880000)
  to   space 20992K, 0% used [0x00000000f0f80000,0x00000000f0f80000,0x00000000f2400000)
 ParOldGen       total 148480K, used 31995K [0x00000000a0000000, 0x00000000a9100000, 0x00000000e0000000)
  object space 148480K, 21% used [0x00000000a0000000,0x00000000a1f3efb0,0x00000000a9100000)
 Metaspace       used 67858K, capacity 69694K, committed 69888K, reserved 1110016K
  class space    used 8914K, capacity 9392K, committed 9472K, reserved 1048576K
Event: 128.482 GC heap after
Heap after GC invocations=22 (full 3):
 PSYoungGen      total 299008K, used 20971K [0x00000000e0000000, 0x00000000f6100000, 0x0000000100000000)
  eden space 278016K, 0% used [0x00000000e0000000,0x00000000e0000000,0x00000000f0f80000)
  from space 20992K, 99% used [0x00000000f0f80000,0x00000000f23fac48,0x00000000f2400000)
  to   space 26624K, 0% used [0x00000000f4700000,0x00000000f4700000,0x00000000f6100000)
 ParOldGen       total 148480K, used 39102K [0x00000000a0000000, 0x00000000a9100000, 0x00000000e0000000)
  object space 148480K, 26% used [0x00000000a0000000,0x00000000a262fb70,0x00000000a9100000)
 Metaspace       used 67858K, capacity 69694K, committed 69888K, reserved 1110016K
  class space    used 8914K, capacity 9392K, committed 9472K, reserved 1048576K
}
Event: 156.488 GC heap before
{Heap before GC invocations=23 (full 3):
 PSYoungGen      total 299008K, used 298987K [0x00000000e0000000, 0x00000000f6100000, 0x0000000100000000)
  eden space 278016K, 100% used [0x00000000e0000000,0x00000000f0f80000,0x00000000f0f80000)
  from space 20992K, 99% used [0x00000000f0f80000,0x00000000f23fac48,0x00000000f2400000)
  to   space 26624K, 0% used [0x00000000f4700000,0x00000000f4700000,0x00000000f6100000)
 ParOldGen       total 148480K, used 39102K [0x00000000a0000000, 0x00000000a9100000, 0x00000000e0000000)
  object space 148480K, 26% used [0x00000000a0000000,0x00000000a262fb70,0x00000000a9100000)
 Metaspace       used 69797K, capacity 71780K, committed 72064K, reserved 1112064K
  class space    used 9057K, capacity 9521K, committed 9600K, reserved 1048576K
Event: 156.535 GC heap after
Heap after GC invocations=23 (full 3):
 PSYoungGen      total 326144K, used 26608K [0x00000000e0000000, 0x00000000f6f00000, 0x0000000100000000)
  eden space 299520K, 0% used [0x00000000e0000000,0x00000000e0000000,0x00000000f2480000)
  from space 26624K, 99% used [0x00000000f4700000,0x00000000f60fc338,0x00000000f6100000)
  to   space 35328K, 0% used [0x00000000f2480000,0x00000000f2480000,0x00000000f4700000)
 ParOldGen       total 148480K, used 51311K [0x00000000a0000000, 0x00000000a9100000, 0x00000000e0000000)
  object space 148480K, 34% used [0x00000000a0000000,0x00000000a321bef0,0x00000000a9100000)
 Metaspace       used 69797K, capacity 71780K, committed 72064K, reserved 1112064K
  class space    used 9057K, capacity 9521K, committed 9600K, reserved 1048576K
}
Event: 760.306 GC heap before
{Heap before GC invocations=24 (full 3):
 PSYoungGen      total 326144K, used 326128K [0x00000000e0000000, 0x00000000f6f00000, 0x0000000100000000)
  eden space 299520K, 100% used [0x00000000e0000000,0x00000000f2480000,0x00000000f2480000)
  from space 26624K, 99% used [0x00000000f4700000,0x00000000f60fc338,0x00000000f6100000)
  to   space 35328K, 0% used [0x00000000f2480000,0x00000000f2480000,0x00000000f4700000)
 ParOldGen       total 148480K, used 51311K [0x00000000a0000000, 0x00000000a9100000, 0x00000000e0000000)
  object space 148480K, 34% used [0x00000000a0000000,0x00000000a321bef0,0x00000000a9100000)
 Metaspace       used 75671K, capacity 78108K, committed 78464K, reserved 1118208K
  class space    used 9634K, capacity 10249K, committed 10368K, reserved 1048576K
Event: 760.329 GC heap after
Heap after GC invocations=24 (full 3):
 PSYoungGen      total 312832K, used 24028K [0x00000000e0000000, 0x00000000f6200000, 0x0000000100000000)
  eden space 288768K, 0% used [0x00000000e0000000,0x00000000e0000000,0x00000000f1a00000)
  from space 24064K, 99% used [0x00000000f2480000,0x00000000f3bf7280,0x00000000f3c00000)
  to   space 36864K, 0% used [0x00000000f3e00000,0x00000000f3e00000,0x00000000f6200000)
 ParOldGen       total 148480K, used 51319K [0x00000000a0000000, 0x00000000a9100000, 0x00000000e0000000)
  object space 148480K, 34% used [0x00000000a0000000,0x00000000a321def0,0x00000000a9100000)
 Metaspace       used 75671K, capacity 78108K, committed 78464K, reserved 1118208K
  class space    used 9634K, capacity 10249K, committed 10368K, reserved 1048576K
}

Deoptimization events (10 events):
Event: 814.268 Thread 0x000000001c418000 Uncommon trap: reason=unstable_if action=reinterpret pc=0x0000000004734a94 method=java.io.ObjectOutputStream$BlockDataOutputStream.writeBytes(Ljava/lang/String;)V @ 22
Event: 814.277 Thread 0x000000001c418000 Uncommon trap: reason=unstable_if action=reinterpret pc=0x000000000332a3b0 method=java.io.ObjectOutputStream$BlockDataOutputStream.writeBytes(Ljava/lang/String;)V @ 22
Event: 814.277 Thread 0x000000001c418000 Uncommon trap: reason=unstable_if action=reinterpret pc=0x0000000002f8005c method=java.io.ObjectOutputStream$BlockDataOutputStream.writeBytes(Ljava/lang/String;)V @ 22
Event: 814.359 Thread 0x000000001c418000 Uncommon trap: reason=bimorphic action=maybe_recompile pc=0x0000000003bc34dc method=org.gradle.internal.logging.text.AbstractStyledTextOutput.text(Ljava/lang/Object;)Lorg/gradle/internal/logging/text/StyledTextOutput; @ 11
Event: 814.361 Thread 0x000000001c418000 Uncommon trap: reason=unstable_if action=reinterpret pc=0x00000000037c84e4 method=org.gradle.internal.logging.text.AbstractLineChoppingStyledTextOutput$2.execute(Lorg/gradle/internal/logging/text/AbstractLineChoppingStyledTextOutput$StateContext;)V @ 30
Event: 814.361 Thread 0x000000001c418000 Uncommon trap: reason=bimorphic action=maybe_recompile pc=0x0000000003bc34dc method=org.gradle.internal.logging.text.AbstractStyledTextOutput.text(Ljava/lang/Object;)Lorg/gradle/internal/logging/text/StyledTextOutput; @ 11
Event: 814.361 Thread 0x000000001c418000 Uncommon trap: reason=unstable_if action=reinterpret pc=0x00000000029e414c method=org.gradle.internal.logging.text.AbstractLineChoppingStyledTextOutput$2.execute(Lorg/gradle/internal/logging/text/AbstractLineChoppingStyledTextOutput$StateContext;)V @ 30
Event: 814.466 Thread 0x000000001c419800 Uncommon trap: reason=unstable_if action=reinterpret pc=0x00000000032adc14 method=java.io.ObjectOutputStream$BlockDataOutputStream.writeByte(I)V @ 7
Event: 833.933 Thread 0x0000000018b2b800 Uncommon trap: reason=class_check action=maybe_recompile pc=0x00000000038d9b44 method=sun.nio.ch.IOUtil.write(Ljava/io/FileDescriptor;Ljava/nio/ByteBuffer;JLsun/nio/ch/NativeDispatcher;)I @ 1
Event: 837.044 Thread 0x000000001c41e800 Uncommon trap: reason=unstable_if action=reinterpret pc=0x00000000046e1bd4 method=org.gradle.api.internal.changedetection.state.CachingFileHasher.snapshot(Ljava/io/File;JJ)Lorg/gradle/api/internal/changedetection/state/CachingFileHasher$FileInfo; @ 48

Classes redefined (0 events):
No events

Internal exceptions (10 events):
Event: 835.155 Thread 0x000000001c418000 Exception <a 'sun/nio/fs/WindowsException'> (0x00000000eb328328) thrown at [D:\src\AOSP-openjdk-cygwin\jdk8u\hotspot\src\share\vm\prims\jni.cpp, line 709]
Event: 835.155 Thread 0x000000001c418000 Exception <a 'sun/nio/fs/WindowsException'> (0x00000000eb328e30) thrown at [D:\src\AOSP-openjdk-cygwin\jdk8u\hotspot\src\share\vm\prims\jni.cpp, line 709]
Event: 835.156 Thread 0x000000001c418000 Exception <a 'sun/nio/fs/WindowsException'> (0x00000000eb32bad0) thrown at [D:\src\AOSP-openjdk-cygwin\jdk8u\hotspot\src\share\vm\prims\jni.cpp, line 709]
Event: 835.156 Thread 0x000000001c418000 Exception <a 'sun/nio/fs/WindowsException'> (0x00000000eb32c618) thrown at [D:\src\AOSP-openjdk-cygwin\jdk8u\hotspot\src\share\vm\prims\jni.cpp, line 709]
Event: 835.156 Thread 0x000000001c418000 Exception <a 'sun/nio/fs/WindowsException'> (0x00000000eb32e7b0) thrown at [D:\src\AOSP-openjdk-cygwin\jdk8u\hotspot\src\share\vm\prims\jni.cpp, line 709]
Event: 835.156 Thread 0x000000001c418000 Exception <a 'sun/nio/fs/WindowsException'> (0x00000000eb32f318) thrown at [D:\src\AOSP-openjdk-cygwin\jdk8u\hotspot\src\share\vm\prims\jni.cpp, line 709]
Event: 835.171 Thread 0x000000001c418000 Exception <a 'sun/nio/fs/WindowsException'> (0x00000000eb3326a0) thrown at [D:\src\AOSP-openjdk-cygwin\jdk8u\hotspot\src\share\vm\prims\jni.cpp, line 709]
Event: 835.171 Thread 0x000000001c418000 Exception <a 'sun/nio/fs/WindowsException'> (0x00000000eb333148) thrown at [D:\src\AOSP-openjdk-cygwin\jdk8u\hotspot\src\share\vm\prims\jni.cpp, line 709]
Event: 835.171 Thread 0x000000001c418000 Exception <a 'sun/nio/fs/WindowsException'> (0x00000000eb335150) thrown at [D:\src\AOSP-openjdk-cygwin\jdk8u\hotspot\src\share\vm\prims\jni.cpp, line 709]
Event: 835.171 Thread 0x000000001c418000 Exception <a 'sun/nio/fs/WindowsException'> (0x00000000eb335c08) thrown at [D:\src\AOSP-openjdk-cygwin\jdk8u\hotspot\src\share\vm\prims\jni.cpp, line 709]

Events (10 events):
Event: 837.073 Executing VM operation: RevokeBias done
Event: 837.074 Thread 0x0000000015f99000 flushing nmethod 0x0000000002767e10
Event: 837.074 Thread 0x0000000015f99000 flushing nmethod 0x0000000002775710
Event: 837.075 Thread 0x0000000015f99000 flushing nmethod 0x00000000027c3e10
Event: 837.075 Thread 0x0000000015f99000 flushing nmethod 0x0000000002804f90
Event: 837.075 Thread 0x0000000015f99000 flushing nmethod 0x000000000282f090
Event: 837.075 Thread 0x0000000015f99000 flushing nmethod 0x000000000283e0d0
Event: 837.078 Thread 0x0000000019af5800 Thread added: 0x0000000019af5800
Event: 837.141 Thread 0x0000000022657000 Thread added: 0x0000000022657000
Event: 837.141 Thread 0x0000000022658800 Thread added: 0x0000000022658800


Dynamic libraries:
0x00007ff6b0e80000 - 0x00007ff6b0eb1000 	C:\Program Files\Android\Android Studio\jre\bin\java.exe
0x00007ffbf6090000 - 0x00007ffbf627d000 	C:\WINDOWS\SYSTEM32\ntdll.dll
0x00007ffbf5730000 - 0x00007ffbf57e3000 	C:\WINDOWS\System32\KERNEL32.DLL
0x00007ffbf2180000 - 0x00007ffbf2413000 	C:\WINDOWS\System32\KERNELBASE.dll
0x00007ffbf4ef0000 - 0x00007ffbf4f93000 	C:\WINDOWS\System32\ADVAPI32.dll
0x00007ffbf4fd0000 - 0x00007ffbf506e000 	C:\WINDOWS\System32\msvcrt.dll
0x00007ffbf5630000 - 0x00007ffbf56ce000 	C:\WINDOWS\System32\sechost.dll
0x00007ffbf5bd0000 - 0x00007ffbf5cf2000 	C:\WINDOWS\System32\RPCRT4.dll
0x00007ffbf32c0000 - 0x00007ffbf3457000 	C:\WINDOWS\System32\USER32.dll
0x00007ffbf2160000 - 0x00007ffbf2180000 	C:\WINDOWS\System32\win32u.dll
0x00007ffbf5ef0000 - 0x00007ffbf5f19000 	C:\WINDOWS\System32\GDI32.dll
0x00007ffbf2c70000 - 0x00007ffbf2e0a000 	C:\WINDOWS\System32\gdi32full.dll
0x00007ffbf2ee0000 - 0x00007ffbf2f80000 	C:\WINDOWS\System32\msvcp_win.dll
0x00007ffbf2fe0000 - 0x00007ffbf30da000 	C:\WINDOWS\System32\ucrtbase.dll
0x00007ffbe3120000 - 0x00007ffbe3399000 	C:\WINDOWS\WinSxS\amd64_microsoft.windows.common-controls_6595b64144ccf1df_6.0.17763.379_none_05b83be8071c94a1\COMCTL32.dll
0x00007ffbf4bc0000 - 0x00007ffbf4eed000 	C:\WINDOWS\System32\combase.dll
0x00007ffbf2e60000 - 0x00007ffbf2ede000 	C:\WINDOWS\System32\bcryptPrimitives.dll
0x00007ffbf4fa0000 - 0x00007ffbf4fce000 	C:\WINDOWS\System32\IMM32.DLL
0x0000000052750000 - 0x0000000052822000 	C:\Program Files\Android\Android Studio\jre\jre\bin\msvcr100.dll
0x0000000052a00000 - 0x0000000053241000 	C:\Program Files\Android\Android Studio\jre\jre\bin\server\jvm.dll
0x00007ffbf5f80000 - 0x00007ffbf5f88000 	C:\WINDOWS\System32\PSAPI.DLL
0x00007ffbeace0000 - 0x00007ffbeacea000 	C:\WINDOWS\SYSTEM32\VERSION.dll
0x00007ffbee030000 - 0x00007ffbee054000 	C:\WINDOWS\SYSTEM32\WINMM.dll
0x00007ffbe21a0000 - 0x00007ffbe21a9000 	C:\WINDOWS\SYSTEM32\WSOCK32.dll
0x00007ffbf3500000 - 0x00007ffbf356d000 	C:\WINDOWS\System32\WS2_32.dll
0x00007ffbedf70000 - 0x00007ffbedf9d000 	C:\WINDOWS\SYSTEM32\winmmbase.dll
0x00007ffbf2420000 - 0x00007ffbf246a000 	C:\WINDOWS\System32\cfgmgr32.dll
0x00007ffbee900000 - 0x00007ffbee90f000 	C:\Program Files\Android\Android Studio\jre\jre\bin\verify.dll
0x00007ffbed470000 - 0x00007ffbed499000 	C:\Program Files\Android\Android Studio\jre\jre\bin\java.dll
0x00007ffbee8e0000 - 0x00007ffbee8f6000 	C:\Program Files\Android\Android Studio\jre\jre\bin\zip.dll
0x00007ffbf3570000 - 0x00007ffbf4a60000 	C:\WINDOWS\System32\SHELL32.dll
0x00007ffbf57f0000 - 0x00007ffbf5898000 	C:\WINDOWS\System32\shcore.dll
0x00007ffbf2470000 - 0x00007ffbf2bba000 	C:\WINDOWS\System32\windows.storage.dll
0x00007ffbf20b0000 - 0x00007ffbf20d4000 	C:\WINDOWS\System32\profapi.dll
0x00007ffbf2100000 - 0x00007ffbf215d000 	C:\WINDOWS\System32\powrprof.dll
0x00007ffbf5d60000 - 0x00007ffbf5db2000 	C:\WINDOWS\System32\shlwapi.dll
0x00007ffbf2090000 - 0x00007ffbf20a1000 	C:\WINDOWS\System32\kernel.appcore.dll
0x00007ffbf2e10000 - 0x00007ffbf2e27000 	C:\WINDOWS\System32\cryptsp.dll
0x00007ffbee630000 - 0x00007ffbee64a000 	C:\Program Files\Android\Android Studio\jre\jre\bin\net.dll
0x00007ffbf18b0000 - 0x00007ffbf1917000 	C:\WINDOWS\system32\mswsock.dll
0x00007ffbed450000 - 0x00007ffbed461000 	C:\Program Files\Android\Android Studio\jre\jre\bin\nio.dll
0x00007ffbdff00000 - 0x00007ffbdff1e000 	C:\Users\Aluno.DESKTOP-3ASBCDM\.gradle\native\25\windows-amd64\native-platform.dll
0x00007ffbee390000 - 0x00007ffbee39d000 	C:\Program Files\Android\Android Studio\jre\jre\bin\management.dll
0x00007ffbf1470000 - 0x00007ffbf14a3000 	C:\WINDOWS\system32\rsaenh.dll
0x00007ffbf2e30000 - 0x00007ffbf2e56000 	C:\WINDOWS\System32\bcrypt.dll
0x00007ffbf1f90000 - 0x00007ffbf1fb8000 	C:\WINDOWS\SYSTEM32\USERENV.dll
0x00007ffbf1a80000 - 0x00007ffbf1a8c000 	C:\WINDOWS\SYSTEM32\CRYPTBASE.dll
0x00007ffbf1610000 - 0x00007ffbf164d000 	C:\WINDOWS\SYSTEM32\IPHLPAPI.DLL
0x00007ffbf5570000 - 0x00007ffbf5578000 	C:\WINDOWS\System32\NSI.dll
0x00007ffbebb80000 - 0x00007ffbebb96000 	C:\WINDOWS\SYSTEM32\dhcpcsvc6.DLL
0x00007ffbebdd0000 - 0x00007ffbebdec000 	C:\WINDOWS\SYSTEM32\dhcpcsvc.DLL
0x00007ffbf1650000 - 0x00007ffbf1716000 	C:\WINDOWS\SYSTEM32\DNSAPI.dll
0x00007ffbe4180000 - 0x00007ffbe41a4000 	C:\Program Files\Android\Android Studio\jre\jre\bin\sunec.dll
0x00007ffbea850000 - 0x00007ffbea85a000 	C:\Windows\System32\rasadhlp.dll
0x00007ffbeb2d0000 - 0x00007ffbeb349000 	C:\WINDOWS\System32\fwpuclnt.dll
0x00007ffbe8620000 - 0x00007ffbe862b000 	C:\Program Files\Android\Android Studio\jre\jre\bin\sunmscapi.dll
0x00007ffbf30e0000 - 0x00007ffbf32bb000 	C:\WINDOWS\System32\CRYPT32.dll
0x00007ffbf20e0000 - 0x00007ffbf20f2000 	C:\WINDOWS\System32\MSASN1.dll
0x00007ffbf0020000 - 0x00007ffbf00ac000 	C:\WINDOWS\system32\apphelp.dll

VM Arguments:
jvm_args: -Xmx1536m -Dfile.encoding=windows-1252 -Duser.country=BR -Duser.language=pt -Duser.variant 
java_command: org.gradle.launcher.daemon.bootstrap.GradleDaemon 4.10.1
java_class_path (initial): C:\Users\Aluno.DESKTOP-3ASBCDM\.gradle\wrapper\dists\gradle-4.10.1-all\455itskqi2qtf0v2sja68alqd\gradle-4.10.1\lib\gradle-launcher-4.10.1.jar
Launcher Type: SUN_STANDARD

Environment Variables:
PATH=C:\Program Files (x86)\Falcon\MinGW\bin;C:\Program Files (x86)\Common Files\Intel\Shared Files\cpp\bin\Intel64;C:\ProgramData\Oracle\Java\javapath;C:\WINDOWS\system32;C:\WINDOWS;C:\WINDOWS\System32\Wbem;C:\WINDOWS\System32\WindowsPowerShell\v1.0\;C:\Program Files (x86)\MySQL\MySQL Fabric 1.5 & MySQL Utilities 1.5\;C:\Program Files (x86)\MySQL\MySQL Fabric 1.5 & MySQL Utilities 1.5\Doctrine extensions for PHP\;C:\Users\Aluno.DESKTOP-3ASBCDM\.dnx\bin;C:\Program Files\Microsoft DNX\Dnvm\;C:\cygwin64;C:\Program Files\Git\cmd;C:\Program Files\nodejs\;C:\Program Files\Microsoft SQL Server\120\Tools\Binn\;C:\Program Files\Microsoft SQL Server\Client SDK\ODBC\110\Tools\Binn\;C:\Program Files (x86)\Microsoft SQL Server\120\Tools\Binn\;C:\Program Files\Microsoft SQL Server\120\DTS\Binn\;C:\Program Files (x86)\Microsoft SQL Server\120\Tools\Binn\ManagementStudio\;C:\Program Files (x86)\Microsoft SQL Server\120\DTS\Binn\;C:\Program Files\Shield;C:\WINDOWS\System32\OpenSSH\;C:\xampp\php;C:\ProgramData\ComposerSetup\bin;C:\Program Files\nodejs;C:\Users\Aluno.DESKTOP-3ASBCDM\AppData\Roaming\npm;C:\Android\sdk\platform-tools;C:\Users\Aluno.DESKTOP-3ASBCDM\AppData\Local\Microsoft\WindowsApps;C:\Users\Aluno.DESKTOP-3ASBCDM\AppData\Roaming\Composer\vendor\bin
USERNAME=Aluno
OS=Windows_NT
PROCESSOR_IDENTIFIER=Intel64 Family 6 Model 60 Stepping 3, GenuineIntel



---------------  S Y S T E M  ---------------

OS: Windows 10.0 , 64 bit Build 17763 (10.0.17763.379)

CPU:total 4 (initial active 4) (4 cores per cpu, 1 threads per core) family 6 model 60 stepping 3, cmov, cx8, fxsr, mmx, sse, sse2, sse3, ssse3, sse4.1, sse4.2, popcnt, avx, avx2, aes, clmul, erms, lzcnt, tsc, tscinvbit, bmi1, bmi2

Memory: 4k page, physical 8281620k(393092k free), swap 8281620k(4816k free)

vm_info: OpenJDK 64-Bit Server VM (25.152-b01) for windows-amd64 JRE (1.8.0_152-release-1248-b01), built by "builder" with MS VC++ 10.0 (VS2010)

time: Wed May 08 21:35:28 2019
elapsed time: 837 seconds (0d 0h 13m 57s)

